Arguments: 
  C:\Program Files\nodejs\node.exe C:\Users\HDP\AppData\Roaming\npm\node_modules\yarn\bin\yarn.js add react-bootstrap bootstrap

PATH: 
  C:\windows\system32;C:\windows;C:\windows\System32\Wbem;C:\windows\System32\WindowsPowerShell\v1.0\;C:\windows\System32\OpenSSH\;C:\Program Files\dotnet\;C:\Program Files\Microsoft SQL Server\Client SDK\ODBC\170\Tools\Binn\;C:\Program Files (x86)\Microsoft SQL Server\150\Tools\Binn\;C:\Program Files\Microsoft SQL Server\150\Tools\Binn\;C:\Program Files\Microsoft SQL Server\150\DTS\Binn\;C:\Program Files (x86)\Microsoft SQL Server\150\DTS\Binn\;C:\Program Files\Azure Data Studio\bin;C:\Program Files\Git\cmd;C:\Program Files\Microsoft SQL Server\130\Tools\Binn\;C:\Program Files (x86)\dotnet\;C:\Program Files\nodejs\;C:\ProgramData\chocolatey\bin;;C:\Program Files\Docker\Docker\resources\bin;C:\ProgramData\DockerDesktop\version-bin;C:\Python39\Scripts\;C:\Python39\;C:\Users\HDP\AppData\Local\Programs\Python\Python39\Scripts\;C:\Users\HDP\AppData\Local\Programs\Python\Python39\;C:\Users\HDP\AppData\Local\Programs\Python\Launcher\;C:\Users\HDP\AppData\Local\Microsoft\WindowsApps;C:\Users\HDP\.dotnet\tools;C:\Program Files\Azure Data Studio\bin;C:\Users\HDP\AppData\Local\Programs\Microsoft VS Code\bin;C:\Users\HDP\AppData\Roaming\npm

Yarn version: 
  1.22.11

Node version: 
  16.8.0

Platform: 
  win32 x64

Trace: 
  Error: EPERM: operation not permitted, unlink 'C:\Users\HDP\Desktop\web_triad\pim_tool\node_modules\chalk\types\index.d.ts'

npm manifest: 
  {
    "name": "pim_tool",
    "version": "0.1.0",
    "private": true,
    "dependencies": {
      "@testing-library/jest-dom": "^5.14.1",
      "@testing-library/react": "^11.2.7",
      "@testing-library/user-event": "^12.8.3",
      "bootstrap": "^5.1.1",
      "react": "^17.0.2",
      "react-dom": "^17.0.2",
      "react-scripts": "4.0.3",
      "web-vitals": "^1.1.2"
    },
    "scripts": {
      "start": "react-scripts start",
      "build": "react-scripts build",
      "test": "react-scripts test",
      "eject": "react-scripts eject"
    },
    "eslintConfig": {
      "extends": [
        "react-app",
        "react-app/jest"
      ]
    },
    "browserslist": {
      "production": [
        ">0.2%",
        "not dead",
        "not op_mini all"
      ],
      "development": [
        "last 1 chrome version",
        "last 1 firefox version",
        "last 1 safari version"
      ]
    }
  }

yarn manifest: 
  No manifest

Lockfile: 
  No lockfile
